<?xml version="1.0" encoding="utf-8"?><testsuites name="pytest tests"><testsuite name="pytest" errors="0" failures="0" skipped="0" tests="26" time="3.807" timestamp="2026-05-02T10:29:57.282607+00:00" hostname="agent-env-c726b3b4-797c-440b-84c8-42ed5f571be4"><testcase classname="backend.tests.test_chainswap" name="test_stats_public" time="0.175" /><testcase classname="backend.tests.test_chainswap" name="test_admin_login" time="0.326" /><testcase classname="backend.tests.test_chainswap" name="test_invalid_login" time="0.105" /><testcase classname="backend.tests.test_chainswap" name="test_register_short_password" time="0.102" /><testcase classname="backend.tests.test_chainswap" name="test_user1_register" time="0.333" /><testcase classname="backend.tests.test_chainswap" name="test_auth_me" time="0.124" /><testcase classname="backend.tests.test_chainswap" name="test_auth_me_no_token" time="0.095" /><testcase classname="backend.tests.test_chainswap" name="test_create_offer" time="0.102" /><testcase classname="backend.tests.test_chainswap" name="test_list_offers_sell" time="0.118" /><testcase classname="backend.tests.test_chainswap" name="test_get_offer" time="0.097" /><testcase classname="backend.tests.test_chainswap" name="test_my_offers" time="0.102" /><testcase classname="backend.tests.test_chainswap" name="test_initiate_trade" time="0.451" /><testcase classname="backend.tests.test_chainswap" name="test_cannot_trade_with_self" time="0.096" /><testcase classname="backend.tests.test_chainswap" name="test_get_trade" time="0.103" /><testcase classname="backend.tests.test_chainswap" name="test_list_trades" time="0.104" /><testcase classname="backend.tests.test_chainswap" name="test_trade_access_denied_other_user" time="0.107" /><testcase classname="backend.tests.test_chainswap" name="test_trade_messages_initial" time="0.120" /><testcase classname="backend.tests.test_chainswap" name="test_send_message" time="0.146" /><testcase classname="backend.tests.test_chainswap" name="test_update_trade_status_payment_sent" time="0.158" /><testcase classname="backend.tests.test_chainswap" name="test_admin_stats" time="0.108" /><testcase classname="backend.tests.test_chainswap" name="test_admin_stats_forbidden_for_user" time="0.097" /><testcase classname="backend.tests.test_chainswap" name="test_admin_list_users" time="0.104" /><testcase classname="backend.tests.test_chainswap" name="test_admin_list_trades" time="0.117" /><testcase classname="backend.tests.test_chainswap" name="test_admin_list_offers" time="0.116" /><testcase classname="backend.tests.test_chainswap" name="test_notifications" time="0.101" /><testcase classname="backend.tests.test_chainswap" name="test_unread_count" time="0.100" /></testsuite></testsuites>